# JRE version: Java(TM) SE Runtime Environment (8.0_25-b18) (build 1.8.0_25-b18)
# Java VM: Java HotSpot(TM) 64-Bit Server VM (25.25-b02 mixed mode windows-amd64 compressed oops)
Heap:
 PSYoungGen      total 462848K, used 118495K [0x00000000d5a00000, 0x0000000100000000, 0x0000000100000000)
  eden space 231424K, 41% used [0x00000000d5a00000,0x00000000db834308,0x00000000e3c00000)
  from space 231424K, 9% used [0x00000000e3c00000,0x00000000e5183ca0,0x00000000f1e00000)
  to   space 231424K, 0% used [0x00000000f1e00000,0x00000000f1e00000,0x0000000100000000)
 ParOldGen       total 524288K, used 102080K [0x0000000080e00000, 0x00000000a0e00000, 0x00000000d5a00000)
  object space 524288K, 19% used [0x0000000080e00000,0x00000000871b0070,0x00000000a0e00000)
 Metaspace       used 13702K, capacity 13890K, committed 14080K, reserved 1060864K
  class space    used 1742K, capacity 1775K, committed 1792K, reserved 1048576K
GC Heap History (10 events):
Event: 16.458 GC heap before
{Heap before GC invocations=20 (full 4):
 PSYoungGen      total 441856K, used 385058K [0x00000000d5a00000, 0x0000000100000000, 0x0000000100000000)
  eden space 210432K, 100% used [0x00000000d5a00000,0x00000000e2780000,0x00000000e2780000)
  from space 231424K, 75% used [0x00000000e2780000,0x00000000ed208a88,0x00000000f0980000)
  to   space 231424K, 0% used [0x00000000f1e00000,0x00000000f1e00000,0x0000000100000000)
 ParOldGen       total 552448K, used 213567K [0x0000000080e00000, 0x00000000a2980000, 0x00000000d5a00000)
  object space 552448K, 38% used [0x0000000080e00000,0x000000008de8fc08,0x00000000a2980000)
 Metaspace       used 13392K, capacity 13570K, committed 13824K, reserved 1060864K
  class space    used 1733K, capacity 1775K, committed 1792K, reserved 1048576K
Event: 16.628 GC heap after
Heap after GC invocations=20 (full 4):
 PSYoungGen      total 462848K, used 86344K [0x00000000d5a00000, 0x0000000100000000, 0x0000000100000000)
  eden space 231424K, 0% used [0x00000000d5a00000,0x00000000d5a00000,0x00000000e3c00000)
  from space 231424K, 37% used [0x00000000f1e00000,0x00000000f7252370,0x0000000100000000)
  to   space 231424K, 0% used [0x00000000e3c00000,0x00000000e3c00000,0x00000000f1e00000)
 ParOldGen       total 552448K, used 388433K [0x0000000080e00000, 0x00000000a2980000, 0x00000000d5a00000)
  object space 552448K, 70% used [0x0000000080e00000,0x0000000098954690,0x00000000a2980000)
 Metaspace       used 13392K, capacity 13570K, committed 13824K, reserved 1060864K
  class space    used 1733K, capacity 1775K, committed 1792K, reserved 1048576K
}
Event: 16.628 GC heap before
{Heap before GC invocations=21 (full 5):
 PSYoungGen      total 462848K, used 86344K [0x00000000d5a00000, 0x0000000100000000, 0x0000000100000000)
  eden space 231424K, 0% used [0x00000000d5a00000,0x00000000d5a00000,0x00000000e3c00000)
  from space 231424K, 37% used [0x00000000f1e00000,0x00000000f7252370,0x0000000100000000)
  to   space 231424K, 0% used [0x00000000e3c00000,0x00000000e3c00000,0x00000000f1e00000)
 ParOldGen       total 552448K, used 388433K [0x0000000080e00000, 0x00000000a2980000, 0x00000000d5a00000)
  object space 552448K, 70% used [0x0000000080e00000,0x0000000098954690,0x00000000a2980000)
 Metaspace       used 13392K, capacity 13570K, committed 13824K, reserved 1060864K
  class space    used 1733K, capacity 1775K, committed 1792K, reserved 1048576K
Event: 16.649 GC heap after
Heap after GC invocations=21 (full 5):
 PSYoungGen      total 462848K, used 0K [0x00000000d5a00000, 0x0000000100000000, 0x0000000100000000)
  eden space 231424K, 0% used [0x00000000d5a00000,0x00000000d5a00000,0x00000000e3c00000)
  from space 231424K, 0% used [0x00000000f1e00000,0x00000000f1e00000,0x0000000100000000)
  to   space 231424K, 0% used [0x00000000e3c00000,0x00000000e3c00000,0x00000000f1e00000)
 ParOldGen       total 524288K, used 102032K [0x0000000080e00000, 0x00000000a0e00000, 0x00000000d5a00000)
  object space 524288K, 19% used [0x0000000080e00000,0x00000000871a4070,0x00000000a0e00000)
 Metaspace       used 13392K, capacity 13570K, committed 13824K, reserved 1060864K
  class space    used 1733K, capacity 1775K, committed 1792K, reserved 1048576K
}
Event: 28.731 GC heap before
{Heap before GC invocations=22 (full 5):
 PSYoungGen      total 462848K, used 231424K [0x00000000d5a00000, 0x0000000100000000, 0x0000000100000000)
  eden space 231424K, 100% used [0x00000000d5a00000,0x00000000e3c00000,0x00000000e3c00000)
  from space 231424K, 0% used [0x00000000f1e00000,0x00000000f1e00000,0x0000000100000000)
  to   space 231424K, 0% used [0x00000000e3c00000,0x00000000e3c00000,0x00000000f1e00000)
 ParOldGen       total 524288K, used 102032K [0x0000000080e00000, 0x00000000a0e00000, 0x00000000d5a00000)
  object space 524288K, 19% used [0x0000000080e00000,0x00000000871a4070,0x00000000a0e00000)
 Metaspace       used 13467K, capacity 13634K, committed 13824K, reserved 1060864K
  class space    used 1733K, capacity 1775K, committed 1792K, reserved 1048576K
Event: 28.732 GC heap after
Heap after GC invocations=22 (full 5):
 PSYoungGen      total 462848K, used 96K [0x00000000d5a00000, 0x0000000100000000, 0x0000000100000000)
  eden space 231424K, 0% used [0x00000000d5a00000,0x00000000d5a00000,0x00000000e3c00000)
  from space 231424K, 0% used [0x00000000e3c00000,0x00000000e3c18000,0x00000000f1e00000)
  to   space 231424K, 0% used [0x00000000f1e00000,0x00000000f1e00000,0x0000000100000000)
 ParOldGen       total 524288K, used 102040K [0x0000000080e00000, 0x00000000a0e00000, 0x00000000d5a00000)
  object space 524288K, 19% used [0x0000000080e00000,0x00000000871a6070,0x00000000a0e00000)
 Metaspace       used 13467K, capacity 13634K, committed 13824K, reserved 1060864K
  class space    used 1733K, capacity 1775K, committed 1792K, reserved 1048576K
}
Event: 40.229 GC heap before
{Heap before GC invocations=23 (full 5):
 PSYoungGen      total 462848K, used 231520K [0x00000000d5a00000, 0x0000000100000000, 0x0000000100000000)
  eden space 231424K, 100% used [0x00000000d5a00000,0x00000000e3c00000,0x00000000e3c00000)
  from space 231424K, 0% used [0x00000000e3c00000,0x00000000e3c18000,0x00000000f1e00000)
  to   space 231424K, 0% used [0x00000000f1e00000,0x00000000f1e00000,0x0000000100000000)
 ParOldGen       total 524288K, used 102040K [0x0000000080e00000, 0x00000000a0e00000, 0x00000000d5a00000)
  object space 524288K, 19% used [0x0000000080e00000,0x00000000871a6070,0x00000000a0e00000)
 Metaspace       used 13534K, capacity 13698K, committed 13824K, reserved 1060864K
  class space    used 1733K, capacity 1775K, committed 1792K, reserved 1048576K
Event: 40.230 GC heap after
Heap after GC invocations=23 (full 5):
 PSYoungGen      total 462848K, used 96K [0x00000000d5a00000, 0x0000000100000000, 0x0000000100000000)
  eden space 231424K, 0% used [0x00000000d5a00000,0x00000000d5a00000,0x00000000e3c00000)
  from space 231424K, 0% used [0x00000000f1e00000,0x00000000f1e18000,0x0000000100000000)
  to   space 231424K, 0% used [0x00000000e3c00000,0x00000000e3c00000,0x00000000f1e00000)
 ParOldGen       total 524288K, used 102064K [0x0000000080e00000, 0x00000000a0e00000, 0x00000000d5a00000)
  object space 524288K, 19% used [0x0000000080e00000,0x00000000871ac070,0x00000000a0e00000)
 Metaspace       used 13534K, capacity 13698K, committed 13824K, reserved 1060864K
  class space    used 1733K, capacity 1775K, committed 1792K, reserved 1048576K
}
Event: 53.079 GC heap before
{Heap before GC invocations=24 (full 5):
 PSYoungGen      total 462848K, used 231520K [0x00000000d5a00000, 0x0000000100000000, 0x0000000100000000)
  eden space 231424K, 100% used [0x00000000d5a00000,0x00000000e3c00000,0x00000000e3c00000)
  from space 231424K, 0% used [0x00000000f1e00000,0x00000000f1e18000,0x0000000100000000)
  to   space 231424K, 0% used [0x00000000e3c00000,0x00000000e3c00000,0x00000000f1e00000)
 ParOldGen       total 524288K, used 102064K [0x0000000080e00000, 0x00000000a0e00000, 0x00000000d5a00000)
  object space 524288K, 19% used [0x0000000080e00000,0x00000000871ac070,0x00000000a0e00000)
 Metaspace       used 13663K, capacity 13826K, committed 14080K, reserved 1060864K
  class space    used 1739K, capacity 1775K, committed 1792K, reserved 1048576K
Event: 53.084 GC heap after
Heap after GC invocations=24 (full 5):
 PSYoungGen      total 462848K, used 22031K [0x00000000d5a00000, 0x0000000100000000, 0x0000000100000000)
  eden space 231424K, 0% used [0x00000000d5a00000,0x00000000d5a00000,0x00000000e3c00000)
  from space 231424K, 9% used [0x00000000e3c00000,0x00000000e5183ca0,0x00000000f1e00000)
  to   space 231424K, 0% used [0x00000000f1e00000,0x00000000f1e00000,0x0000000100000000)
 ParOldGen       total 524288K, used 102080K [0x0000000080e00000, 0x00000000a0e00000, 0x00000000d5a00000)
  object space 524288K, 19% used [0x0000000080e00000,0x00000000871b0070,0x00000000a0e00000)
 Metaspace       used 13663K, capacity 13826K, committed 14080K, reserved 1060864K
  class space    used 1739K, capacity 1775K, committed 1792K, reserved 1048576K
}

